#
# There is insufficient memory for the Java Runtime Environment to continue.
# Native memory allocation (malloc) failed to allocate 865136 bytes. Error detail: Chunk::new
# Possible reasons:
#   The system is out of physical RAM or swap space
#   This process is running with CompressedOops enabled, and the Java Heap may be blocking the growth of the native heap
# Possible solutions:
#   Reduce memory load on the system
#   Increase physical memory or swap space
#   Check if swap backing store is full
#   Decrease Java heap size (-Xmx/-Xms)
#   Decrease number of Java threads
#   Decrease Java thread stack sizes (-Xss)
#   Set larger code cache with -XX:ReservedCodeCacheSize=
#   JVM is running with Unscaled Compressed Oops mode in which the Java heap is
#     placed in the first 4GB address space. The Java Heap base address is the
#     maximum limit for the native heap growth. Please use -XX:HeapBaseMinAddress
#     to set the Java Heap base and to place the Java Heap above 4GB virtual address.
# This output file may be truncated or incomplete.
#
#  Out of Memory Error (arena.cpp:168), pid=15040, tid=26148
#
# JRE version: OpenJDK Runtime Environment (21.0.3) (build 21.0.3+-12282718-b509.11)
# Java VM: OpenJDK 64-Bit Server VM (21.0.3+-12282718-b509.11, mixed mode, tiered, compressed oops, compressed class ptrs, g1 gc, windows-amd64)
# No core dump will be written. Minidumps are not enabled by default on client versions of Windows
#

---------------  S U M M A R Y ------------

Command Line: --add-opens=java.base/java.util=ALL-UNNAMED --add-opens=java.base/java.lang=ALL-UNNAMED --add-opens=java.base/java.lang.invoke=ALL-UNNAMED --add-opens=java.prefs/java.util.prefs=ALL-UNNAMED --add-exports=jdk.compiler/com.sun.tools.javac.api=ALL-UNNAMED --add-exports=jdk.compiler/com.sun.tools.javac.util=ALL-UNNAMED --add-opens=java.base/java.nio.charset=ALL-UNNAMED --add-opens=java.base/java.net=ALL-UNNAMED --add-opens=java.base/java.util.concurrent.atomic=ALL-UNNAMED -Xmx2048m -Dfile.encoding=UTF-8 -Duser.country=ID -Duser.language=en -Duser.variant -javaagent:E:\Arief\Android_SDK\.gradle\wrapper\dists\gradle-8.9-bin\90cnw93cvbtalezasaz0blq0a\gradle-8.9\lib\agents\gradle-instrumentation-agent-8.9.jar org.gradle.launcher.daemon.bootstrap.GradleDaemon 8.9

Host: Intel(R) Core(TM) i5-8300H CPU @ 2.30GHz, 8 cores, 15G,  Windows 10 , 64 bit Build 19041 (10.0.19041.4957)
Time: Fri Oct 25 05:09:08 2024 SE Asia Standard Time elapsed time: 17.437316 seconds (0d 0h 0m 17s)

---------------  T H R E A D  ---------------

Current thread (0x0000013e450ccd20):  JavaThread "C2 CompilerThread0" daemon [_thread_in_native, id=26148, stack(0x00000024acd00000,0x00000024ace00000) (1024K)]


Current CompileTask:
C2:  17437 5604       4       java.util.regex.Pattern::compile (537 bytes)

Stack: [0x00000024acd00000,0x00000024ace00000]
Native frames: (J=compiled Java code, j=interpreted, Vv=VM code, C=native code)
V  [jvm.dll+0x6cafb9]
V  [jvm.dll+0x858523]
V  [jvm.dll+0x85aa7e]
V  [jvm.dll+0x85b163]
V  [jvm.dll+0x27d356]
V  [jvm.dll+0xbf93d]
V  [jvm.dll+0xbfe73]
V  [jvm.dll+0x3b1cb1]
V  [jvm.dll+0x37e787]
V  [jvm.dll+0x37dbfa]
V  [jvm.dll+0x246b02]
V  [jvm.dll+0x2460d1]
V  [jvm.dll+0x1c5804]
V  [jvm.dll+0x25575c]
V  [jvm.dll+0x253c36]
V  [jvm.dll+0x3ec996]
V  [jvm.dll+0x800d78]
V  [jvm.dll+0x6c98cd]
C  [ucrtbase.dll+0x21bb2]
C  [KERNEL32.DLL+0x17374]
C  [ntdll.dll+0x4cc91]


---------------  P R O C E S S  ---------------

Threads class SMR info:
_java_thread_list=0x0000013e4c12d860, length=32, elements={
0x0000013e2947dda0, 0x0000013e450df070, 0x0000013e450e24f0, 0x0000013e450fcf60,
0x0000013e450bee00, 0x0000013e450bf470, 0x0000013e450ca370, 0x0000013e450ccd20,
0x0000013e450fddb0, 0x0000013e4526f640, 0x0000013e45511620, 0x0000013e47221140,
0x0000013e462c9830, 0x0000013e46b4b200, 0x0000013e463a1ca0, 0x0000013e46ba4b10,
0x0000013e476c9f30, 0x0000013e46297f60, 0x0000013e4633f010, 0x0000013e4633fd30,
0x0000013e46341770, 0x0000013e463403c0, 0x0000013e46340a50, 0x0000013e463410e0,
0x0000013e4633e2f0, 0x0000013e4633e980, 0x0000013e495a75a0, 0x0000013e495a8fe0,
0x0000013e495a6f10, 0x0000013e495a9670, 0x0000013e495a9d00, 0x0000013e495a7c30
}

Java Threads: ( => current thread )
  0x0000013e2947dda0 JavaThread "main"                              [_thread_blocked, id=26844, stack(0x00000024abf00000,0x00000024ac000000) (1024K)]
  0x0000013e450df070 JavaThread "Reference Handler"          daemon [_thread_blocked, id=21256, stack(0x00000024ac700000,0x00000024ac800000) (1024K)]
  0x0000013e450e24f0 JavaThread "Finalizer"                  daemon [_thread_blocked, id=15060, stack(0x00000024ac800000,0x00000024ac900000) (1024K)]
  0x0000013e450fcf60 JavaThread "Signal Dispatcher"          daemon [_thread_blocked, id=25080, stack(0x00000024ac900000,0x00000024aca00000) (1024K)]
  0x0000013e450bee00 JavaThread "Attach Listener"            daemon [_thread_blocked, id=26708, stack(0x00000024aca00000,0x00000024acb00000) (1024K)]
  0x0000013e450bf470 JavaThread "Service Thread"             daemon [_thread_blocked, id=6116, stack(0x00000024acb00000,0x00000024acc00000) (1024K)]
  0x0000013e450ca370 JavaThread "Monitor Deflation Thread"   daemon [_thread_blocked, id=15916, stack(0x00000024acc00000,0x00000024acd00000) (1024K)]
=>0x0000013e450ccd20 JavaThread "C2 CompilerThread0"         daemon [_thread_in_native, id=26148, stack(0x00000024acd00000,0x00000024ace00000) (1024K)]
  0x0000013e450fddb0 JavaThread "C1 CompilerThread0"         daemon [_thread_blocked, id=17512, stack(0x00000024ace00000,0x00000024acf00000) (1024K)]
  0x0000013e4526f640 JavaThread "Common-Cleaner"             daemon [_thread_blocked, id=24732, stack(0x00000024acf00000,0x00000024ad000000) (1024K)]
  0x0000013e45511620 JavaThread "Notification Thread"        daemon [_thread_blocked, id=14236, stack(0x00000024ad000000,0x00000024ad100000) (1024K)]
  0x0000013e47221140 JavaThread "Daemon health stats"               [_thread_blocked, id=21160, stack(0x00000024ad800000,0x00000024ad900000) (1024K)]
  0x0000013e462c9830 JavaThread "Incoming local TCP Connector on port 54277"        [_thread_in_native, id=18548, stack(0x00000024ad900000,0x00000024ada00000) (1024K)]
  0x0000013e46b4b200 JavaThread "Daemon periodic checks"            [_thread_blocked, id=27168, stack(0x00000024ada00000,0x00000024adb00000) (1024K)]
  0x0000013e463a1ca0 JavaThread "Daemon"                            [_thread_blocked, id=23012, stack(0x00000024adb00000,0x00000024adc00000) (1024K)]
  0x0000013e46ba4b10 JavaThread "Handler for socket connection from /127.0.0.1:54277 to /127.0.0.1:54280"        [_thread_in_native, id=27276, stack(0x00000024adc00000,0x00000024add00000) (1024K)]
  0x0000013e476c9f30 JavaThread "Cancel handler"                    [_thread_blocked, id=24300, stack(0x00000024add00000,0x00000024ade00000) (1024K)]
  0x0000013e46297f60 JavaThread "Daemon worker"                     [_thread_in_native, id=26680, stack(0x00000024ade00000,0x00000024adf00000) (1024K)]
  0x0000013e4633f010 JavaThread "Asynchronous log dispatcher for DefaultDaemonConnection: socket connection from /127.0.0.1:54277 to /127.0.0.1:54280"        [_thread_blocked, id=20920, stack(0x00000024adf00000,0x00000024ae000000) (1024K)]
  0x0000013e4633fd30 JavaThread "Stdin handler"                     [_thread_blocked, id=13352, stack(0x00000024ae000000,0x00000024ae100000) (1024K)]
  0x0000013e46341770 JavaThread "Daemon client event forwarder"        [_thread_blocked, id=23480, stack(0x00000024ae100000,0x00000024ae200000) (1024K)]
  0x0000013e463403c0 JavaThread "Cache worker for journal cache (E:\Arief\Android_SDK\.gradle\caches\journal-1)"        [_thread_blocked, id=18380, stack(0x00000024ae500000,0x00000024ae600000) (1024K)]
  0x0000013e46340a50 JavaThread "File lock request listener"        [_thread_in_native, id=6032, stack(0x00000024ae600000,0x00000024ae700000) (1024K)]
  0x0000013e463410e0 JavaThread "Cache worker for file hash cache (E:\Arief\Android_SDK\.gradle\caches\8.9\fileHashes)"        [_thread_blocked, id=25560, stack(0x00000024ae700000,0x00000024ae800000) (1024K)]
  0x0000013e4633e2f0 JavaThread "Cache worker for file hash cache (E:\Arief\Android_SDK\FlexiDrive-master\.gradle\8.9\fileHashes)"        [_thread_blocked, id=12956, stack(0x00000024ad700000,0x00000024ad800000) (1024K)]
  0x0000013e4633e980 JavaThread "Cache worker for Build Output Cleanup Cache (E:\Arief\Android_SDK\FlexiDrive-master\.gradle\buildOutputCleanup)"        [_thread_blocked, id=27396, stack(0x00000024ae800000,0x00000024ae900000) (1024K)]
  0x0000013e495a75a0 JavaThread "File watcher server"        daemon [_thread_in_native, id=1956, stack(0x00000024ae900000,0x00000024aea00000) (1024K)]
  0x0000013e495a8fe0 JavaThread "File watcher consumer"      daemon [_thread_blocked, id=25248, stack(0x00000024aea00000,0x00000024aeb00000) (1024K)]
  0x0000013e495a6f10 JavaThread "Cache worker for checksums cache (E:\Arief\Android_SDK\FlexiDrive-master\.gradle\8.9\checksums)"        [_thread_blocked, id=26796, stack(0x00000024aeb00000,0x00000024aec00000) (1024K)]
  0x0000013e495a9670 JavaThread "Cache worker for file content cache (E:\Arief\Android_SDK\.gradle\caches\8.9\fileContent)"        [_thread_blocked, id=25236, stack(0x00000024aec00000,0x00000024aed00000) (1024K)]
  0x0000013e495a9d00 JavaThread "Cache worker for cache directory md-rule (E:\Arief\Android_SDK\.gradle\caches\8.9\md-rule)"        [_thread_blocked, id=8036, stack(0x00000024aed00000,0x00000024aee00000) (1024K)]
  0x0000013e495a7c30 JavaThread "Cache worker for cache directory md-supplier (E:\Arief\Android_SDK\.gradle\caches\8.9\md-supplier)"        [_thread_blocked, id=27020, stack(0x00000024aee00000,0x00000024aef00000) (1024K)]
Total: 32

Other Threads:
  0x0000013e45067fd0 VMThread "VM Thread"                           [id=26196, stack(0x00000024ac600000,0x00000024ac700000) (1024K)]
  0x0000013e40b74180 WatcherThread "VM Periodic Task Thread"        [id=20880, stack(0x00000024ac500000,0x00000024ac600000) (1024K)]
  0x0000013e294d6290 WorkerThread "GC Thread#0"                     [id=27252, stack(0x00000024ac000000,0x00000024ac100000) (1024K)]
  0x0000013e45deb160 WorkerThread "GC Thread#1"                     [id=24848, stack(0x00000024ad100000,0x00000024ad200000) (1024K)]
  0x0000013e45e29cc0 WorkerThread "GC Thread#2"                     [id=26988, stack(0x00000024ad200000,0x00000024ad300000) (1024K)]
  0x0000013e45e2a060 WorkerThread "GC Thread#3"                     [id=25380, stack(0x00000024ad300000,0x00000024ad400000) (1024K)]
  0x0000013e455beb00 WorkerThread "GC Thread#4"                     [id=16500, stack(0x00000024ad400000,0x00000024ad500000) (1024K)]
  0x0000013e455beea0 WorkerThread "GC Thread#5"                     [id=20600, stack(0x00000024ad500000,0x00000024ad600000) (1024K)]
  0x0000013e47634070 WorkerThread "GC Thread#6"                     [id=9692, stack(0x00000024ae200000,0x00000024ae300000) (1024K)]
  0x0000013e47634410 WorkerThread "GC Thread#7"                     [id=25848, stack(0x00000024ae300000,0x00000024ae400000) (1024K)]
  0x0000013e294e72f0 ConcurrentGCThread "G1 Main Marker"            [id=25548, stack(0x00000024ac100000,0x00000024ac200000) (1024K)]
  0x0000013e294e84a0 WorkerThread "G1 Conc#0"                       [id=27644, stack(0x00000024ac200000,0x00000024ac300000) (1024K)]
  0x0000013e46290c50 WorkerThread "G1 Conc#1"                       [id=5652, stack(0x00000024ae400000,0x00000024ae500000) (1024K)]
  0x0000013e2954e690 ConcurrentGCThread "G1 Refine#0"               [id=22784, stack(0x00000024ac300000,0x00000024ac400000) (1024K)]
  0x0000013e40a47240 ConcurrentGCThread "G1 Service"                [id=17824, stack(0x00000024ac400000,0x00000024ac500000) (1024K)]
Total: 15

Threads with active compile tasks:
C2 CompilerThread0    17554 5604       4       java.util.regex.Pattern::compile (537 bytes)
Total: 1

VM state: not at safepoint (normal execution)

VM Mutex/Monitor currently owned by a thread: None

Heap address: 0x0000000080000000, size: 2048 MB, Compressed Oops mode: 32-bit

CDS archive(s) not mapped
Compressed class space mapped at: 0x0000000100000000-0x0000000140000000, reserved size: 1073741824
Narrow klass base: 0x0000000000000000, Narrow klass shift: 3, Narrow klass range: 0x140000000

GC Precious Log:
 CardTable entry size: 512
 Card Set container configuration: InlinePtr #cards 5 size 8 Array Of Cards #cards 12 size 40 Howl #buckets 4 coarsen threshold 1843 Howl Bitmap #cards 512 size 80 coarsen threshold 460 Card regions per heap region 1 cards per card region 2048
 CPUs: 8 total, 8 available
 Memory: 16273M
 Large Page Support: Disabled
 NUMA Support: Disabled
 Compressed Oops: Enabled (32-bit)
 Heap Region Size: 1M
 Heap Min Capacity: 8M
 Heap Initial Capacity: 256M
 Heap Max Capacity: 2G
 Pre-touch: Disabled
 Parallel Workers: 8
 Concurrent Workers: 2
 Concurrent Refinement Workers: 8
 Periodic GC: Disabled

Heap:
 garbage-first heap   total 110592K, used 74071K [0x0000000080000000, 0x0000000100000000)
  region size 1024K, 42 young (43008K), 6 survivors (6144K)
 Metaspace       used 63685K, committed 65344K, reserved 1114112K
  class space    used 8814K, committed 9600K, reserved 1048576K

Heap Regions: E=young(eden), S=young(survivor), O=old, HS=humongous(starts), HC=humongous(continues), CS=collection set, F=free, TAMS=top-at-mark-start, PB=parsable bottom
|   0|0x0000000080000000, 0x0000000080100000, 0x0000000080100000|100%|HS|  |TAMS 0x0000000080000000| PB 0x0000000080000000| Complete 
|   1|0x0000000080100000, 0x0000000080200000, 0x0000000080200000|100%|HC|  |TAMS 0x0000000080100000| PB 0x0000000080100000| Complete 
|   2|0x0000000080200000, 0x0000000080300000, 0x0000000080300000|100%|HC|  |TAMS 0x0000000080200000| PB 0x0000000080200000| Complete 
|   3|0x0000000080300000, 0x0000000080400000, 0x0000000080400000|100%|HC|  |TAMS 0x0000000080300000| PB 0x0000000080300000| Complete 
|   4|0x0000000080400000, 0x0000000080500000, 0x0000000080500000|100%| O|  |TAMS 0x0000000080400000| PB 0x0000000080400000| Untracked 
|   5|0x0000000080500000, 0x0000000080600000, 0x0000000080600000|100%| O|  |TAMS 0x0000000080500000| PB 0x0000000080500000| Untracked 
|   6|0x0000000080600000, 0x0000000080700000, 0x0000000080700000|100%| O|  |TAMS 0x0000000080600000| PB 0x0000000080600000| Untracked 
|   7|0x0000000080700000, 0x0000000080800000, 0x0000000080800000|100%| O|  |TAMS 0x0000000080700000| PB 0x0000000080700000| Untracked 
|   8|0x0000000080800000, 0x0000000080900000, 0x0000000080900000|100%| O|  |TAMS 0x0000000080800000| PB 0x0000000080800000| Untracked 
|   9|0x0000000080900000, 0x0000000080a00000, 0x0000000080a00000|100%| O|  |TAMS 0x0000000080900000| PB 0x0000000080900000| Untracked 
|  10|0x0000000080a00000, 0x0000000080b00000, 0x0000000080b00000|100%| O|  |TAMS 0x0000000080a00000| PB 0x0000000080a00000| Untracked 
|  11|0x0000000080b00000, 0x0000000080c00000, 0x0000000080c00000|100%|HS|  |TAMS 0x0000000080b00000| PB 0x0000000080b00000| Complete 
|  12|0x0000000080c00000, 0x0000000080d00000, 0x0000000080d00000|100%| O|  |TAMS 0x0000000080c00000| PB 0x0000000080c00000| Untracked 
|  13|0x0000000080d00000, 0x0000000080e00000, 0x0000000080e00000|100%| O|  |TAMS 0x0000000080d00000| PB 0x0000000080d00000| Untracked 
|  14|0x0000000080e00000, 0x0000000080f00000, 0x0000000080f00000|100%| O|  |TAMS 0x0000000080e00000| PB 0x0000000080e00000| Untracked 
|  15|0x0000000080f00000, 0x0000000081000000, 0x0000000081000000|100%| O|  |TAMS 0x0000000080f00000| PB 0x0000000080f00000| Untracked 
|  16|0x0000000081000000, 0x0000000081100000, 0x0000000081100000|100%| O|  |TAMS 0x0000000081000000| PB 0x0000000081000000| Untracked 
|  17|0x0000000081100000, 0x0000000081200000, 0x0000000081200000|100%| O|  |TAMS 0x0000000081100000| PB 0x0000000081100000| Untracked 
|  18|0x0000000081200000, 0x0000000081300000, 0x0000000081300000|100%| O|  |TAMS 0x0000000081200000| PB 0x0000000081200000| Untracked 
|  19|0x0000000081300000, 0x0000000081400000, 0x0000000081400000|100%| O|  |TAMS 0x0000000081300000| PB 0x0000000081300000| Untracked 
|  20|0x0000000081400000, 0x0000000081400000, 0x0000000081500000|  0%| F|  |TAMS 0x0000000081400000| PB 0x0000000081400000| Untracked 
|  21|0x0000000081500000, 0x0000000081600000, 0x0000000081600000|100%| O|  |TAMS 0x0000000081500000| PB 0x0000000081500000| Untracked 
|  22|0x0000000081600000, 0x0000000081700000, 0x0000000081700000|100%| O|Cm|TAMS 0x0000000081600000| PB 0x0000000081600000| Complete 
|  23|0x0000000081700000, 0x0000000081800000, 0x0000000081800000|100%| O|  |TAMS 0x0000000081700000| PB 0x0000000081700000| Untracked 
|  24|0x0000000081800000, 0x0000000081900000, 0x0000000081900000|100%| O|  |TAMS 0x0000000081800000| PB 0x0000000081800000| Untracked 
|  25|0x0000000081900000, 0x0000000081a00000, 0x0000000081a00000|100%| O|  |TAMS 0x0000000081900000| PB 0x0000000081900000| Untracked 
|  26|0x0000000081a00000, 0x0000000081b00000, 0x0000000081b00000|100%| O|  |TAMS 0x0000000081a00000| PB 0x0000000081a00000| Untracked 
|  27|0x0000000081b00000, 0x0000000081c00000, 0x0000000081c00000|100%| O|  |TAMS 0x0000000081b00000| PB 0x0000000081b00000| Untracked 
|  28|0x0000000081c00000, 0x0000000081d00000, 0x0000000081d00000|100%| O|  |TAMS 0x0000000081c00000| PB 0x0000000081c00000| Untracked 
|  29|0x0000000081d00000, 0x0000000081e00000, 0x0000000081e00000|100%| O|  |TAMS 0x0000000081d00000| PB 0x0000000081d00000| Untracked 
|  30|0x0000000081e00000, 0x0000000081f00000, 0x0000000081f00000|100%| O|  |TAMS 0x0000000081e00000| PB 0x0000000081e00000| Untracked 
|  31|0x0000000081f00000, 0x0000000081f00000, 0x0000000082000000|  0%| F|  |TAMS 0x0000000081f00000| PB 0x0000000081f00000| Untracked 
|  32|0x0000000082000000, 0x0000000082100000, 0x0000000082100000|100%| O|  |TAMS 0x0000000082000000| PB 0x0000000082000000| Untracked 
|  33|0x0000000082100000, 0x000000008216a560, 0x0000000082200000| 41%| O|  |TAMS 0x0000000082100000| PB 0x0000000082100000| Untracked 
|  34|0x0000000082200000, 0x0000000082200000, 0x0000000082300000|  0%| F|  |TAMS 0x0000000082200000| PB 0x0000000082200000| Untracked 
|  35|0x0000000082300000, 0x0000000082300000, 0x0000000082400000|  0%| F|  |TAMS 0x0000000082300000| PB 0x0000000082300000| Untracked 
|  36|0x0000000082400000, 0x0000000082400000, 0x0000000082500000|  0%| F|  |TAMS 0x0000000082400000| PB 0x0000000082400000| Untracked 
|  37|0x0000000082500000, 0x0000000082500000, 0x0000000082600000|  0%| F|  |TAMS 0x0000000082500000| PB 0x0000000082500000| Untracked 
|  38|0x0000000082600000, 0x0000000082600000, 0x0000000082700000|  0%| F|  |TAMS 0x0000000082600000| PB 0x0000000082600000| Untracked 
|  39|0x0000000082700000, 0x0000000082700000, 0x0000000082800000|  0%| F|  |TAMS 0x0000000082700000| PB 0x0000000082700000| Untracked 
|  40|0x0000000082800000, 0x0000000082800000, 0x0000000082900000|  0%| F|  |TAMS 0x0000000082800000| PB 0x0000000082800000| Untracked 
|  41|0x0000000082900000, 0x0000000082900000, 0x0000000082a00000|  0%| F|  |TAMS 0x0000000082900000| PB 0x0000000082900000| Untracked 
|  42|0x0000000082a00000, 0x0000000082a00000, 0x0000000082b00000|  0%| F|  |TAMS 0x0000000082a00000| PB 0x0000000082a00000| Untracked 
|  43|0x0000000082b00000, 0x0000000082b00000, 0x0000000082c00000|  0%| F|  |TAMS 0x0000000082b00000| PB 0x0000000082b00000| Untracked 
|  44|0x0000000082c00000, 0x0000000082c00000, 0x0000000082d00000|  0%| F|  |TAMS 0x0000000082c00000| PB 0x0000000082c00000| Untracked 
|  45|0x0000000082d00000, 0x0000000082d00000, 0x0000000082e00000|  0%| F|  |TAMS 0x0000000082d00000| PB 0x0000000082d00000| Untracked 
|  46|0x0000000082e00000, 0x0000000082e00000, 0x0000000082f00000|  0%| F|  |TAMS 0x0000000082e00000| PB 0x0000000082e00000| Untracked 
|  47|0x0000000082f00000, 0x0000000082f00000, 0x0000000083000000|  0%| F|  |TAMS 0x0000000082f00000| PB 0x0000000082f00000| Untracked 
|  48|0x0000000083000000, 0x00000000830eb830, 0x0000000083100000| 91%| S|CS|TAMS 0x0000000083000000| PB 0x0000000083000000| Complete 
|  49|0x0000000083100000, 0x0000000083200000, 0x0000000083200000|100%| S|CS|TAMS 0x0000000083100000| PB 0x0000000083100000| Complete 
|  50|0x0000000083200000, 0x0000000083300000, 0x0000000083300000|100%| S|CS|TAMS 0x0000000083200000| PB 0x0000000083200000| Complete 
|  51|0x0000000083300000, 0x0000000083400000, 0x0000000083400000|100%| S|CS|TAMS 0x0000000083300000| PB 0x0000000083300000| Complete 
|  52|0x0000000083400000, 0x0000000083500000, 0x0000000083500000|100%| S|CS|TAMS 0x0000000083400000| PB 0x0000000083400000| Complete 
|  53|0x0000000083500000, 0x0000000083600000, 0x0000000083600000|100%| S|CS|TAMS 0x0000000083500000| PB 0x0000000083500000| Complete 
|  54|0x0000000083600000, 0x0000000083600000, 0x0000000083700000|  0%| F|  |TAMS 0x0000000083600000| PB 0x0000000083600000| Untracked 
|  55|0x0000000083700000, 0x0000000083700000, 0x0000000083800000|  0%| F|  |TAMS 0x0000000083700000| PB 0x0000000083700000| Untracked 
|  56|0x0000000083800000, 0x0000000083800000, 0x0000000083900000|  0%| F|  |TAMS 0x0000000083800000| PB 0x0000000083800000| Untracked 
|  57|0x0000000083900000, 0x0000000083900000, 0x0000000083a00000|  0%| F|  |TAMS 0x0000000083900000| PB 0x0000000083900000| Untracked 
|  58|0x0000000083a00000, 0x0000000083a00000, 0x0000000083b00000|  0%| F|  |TAMS 0x0000000083a00000| PB 0x0000000083a00000| Untracked 
|  59|0x0000000083b00000, 0x0000000083b00000, 0x0000000083c00000|  0%| F|  |TAMS 0x0000000083b00000| PB 0x0000000083b00000| Untracked 
|  60|0x0000000083c00000, 0x0000000083c00000, 0x0000000083d00000|  0%| F|  |TAMS 0x0000000083c00000| PB 0x0000000083c00000| Untracked 
|  61|0x0000000083d00000, 0x0000000083d00000, 0x0000000083e00000|  0%| F|  |TAMS 0x0000000083d00000| PB 0x0000000083d00000| Untracked 
|  62|0x0000000083e00000, 0x0000000083e00000, 0x0000000083f00000|  0%| F|  |TAMS 0x0000000083e00000| PB 0x0000000083e00000| Untracked 
|  63|0x0000000083f00000, 0x0000000083f00000, 0x0000000084000000|  0%| F|  |TAMS 0x0000000083f00000| PB 0x0000000083f00000| Untracked 
|  64|0x0000000084000000, 0x0000000084000000, 0x0000000084100000|  0%| F|  |TAMS 0x0000000084000000| PB 0x0000000084000000| Untracked 
|  65|0x0000000084100000, 0x0000000084100000, 0x0000000084200000|  0%| F|  |TAMS 0x0000000084100000| PB 0x0000000084100000| Untracked 
|  66|0x0000000084200000, 0x0000000084200000, 0x0000000084300000|  0%| F|  |TAMS 0x0000000084200000| PB 0x0000000084200000| Untracked 
|  67|0x0000000084300000, 0x0000000084300000, 0x0000000084400000|  0%| F|  |TAMS 0x0000000084300000| PB 0x0000000084300000| Untracked 
|  68|0x0000000084400000, 0x0000000084400000, 0x0000000084500000|  0%| F|  |TAMS 0x0000000084400000| PB 0x0000000084400000| Untracked 
|  69|0x0000000084500000, 0x0000000084500000, 0x0000000084600000|  0%| F|  |TAMS 0x0000000084500000| PB 0x0000000084500000| Untracked 
|  70|0x0000000084600000, 0x0000000084600000, 0x0000000084700000|  0%| F|  |TAMS 0x0000000084600000| PB 0x0000000084600000| Untracked 
|  71|0x0000000084700000, 0x0000000084700000, 0x0000000084800000|  0%| F|  |TAMS 0x0000000084700000| PB 0x0000000084700000| Untracked 
|  72|0x0000000084800000, 0x0000000084880800, 0x0000000084900000| 50%| E|  |TAMS 0x0000000084800000| PB 0x0000000084800000| Complete 
|  73|0x0000000084900000, 0x0000000084a00000, 0x0000000084a00000|100%| E|CS|TAMS 0x0000000084900000| PB 0x0000000084900000| Complete 
|  74|0x0000000084a00000, 0x0000000084b00000, 0x0000000084b00000|100%| E|CS|TAMS 0x0000000084a00000| PB 0x0000000084a00000| Complete 
|  75|0x0000000084b00000, 0x0000000084c00000, 0x0000000084c00000|100%| E|CS|TAMS 0x0000000084b00000| PB 0x0000000084b00000| Complete 
|  76|0x0000000084c00000, 0x0000000084d00000, 0x0000000084d00000|100%| E|CS|TAMS 0x0000000084c00000| PB 0x0000000084c00000| Complete 
|  77|0x0000000084d00000, 0x0000000084e00000, 0x0000000084e00000|100%| E|CS|TAMS 0x0000000084d00000| PB 0x0000000084d00000| Complete 
|  78|0x0000000084e00000, 0x0000000084f00000, 0x0000000084f00000|100%| E|CS|TAMS 0x0000000084e00000| PB 0x0000000084e00000| Complete 
|  79|0x0000000084f00000, 0x0000000085000000, 0x0000000085000000|100%| E|CS|TAMS 0x0000000084f00000| PB 0x0000000084f00000| Complete 
|  80|0x0000000085000000, 0x0000000085100000, 0x0000000085100000|100%| E|CS|TAMS 0x0000000085000000| PB 0x0000000085000000| Complete 
|  81|0x0000000085100000, 0x0000000085200000, 0x0000000085200000|100%| E|CS|TAMS 0x0000000085100000| PB 0x0000000085100000| Complete 
|  82|0x0000000085200000, 0x0000000085300000, 0x0000000085300000|100%| E|CS|TAMS 0x0000000085200000| PB 0x0000000085200000| Complete 
|  83|0x0000000085300000, 0x0000000085400000, 0x0000000085400000|100%| E|CS|TAMS 0x0000000085300000| PB 0x0000000085300000| Complete 
|  84|0x0000000085400000, 0x0000000085500000, 0x0000000085500000|100%| E|CS|TAMS 0x0000000085400000| PB 0x0000000085400000| Complete 
|  85|0x0000000085500000, 0x0000000085600000, 0x0000000085600000|100%| E|CS|TAMS 0x0000000085500000| PB 0x0000000085500000| Complete 
|  86|0x0000000085600000, 0x0000000085700000, 0x0000000085700000|100%| E|CS|TAMS 0x0000000085600000| PB 0x0000000085600000| Complete 
|  87|0x0000000085700000, 0x0000000085800000, 0x0000000085800000|100%| E|CS|TAMS 0x0000000085700000| PB 0x0000000085700000| Complete 
|  88|0x0000000085800000, 0x0000000085900000, 0x0000000085900000|100%| E|CS|TAMS 0x0000000085800000| PB 0x0000000085800000| Complete 
|  89|0x0000000085900000, 0x0000000085a00000, 0x0000000085a00000|100%| E|CS|TAMS 0x0000000085900000| PB 0x0000000085900000| Complete 
|  90|0x0000000085a00000, 0x0000000085b00000, 0x0000000085b00000|100%| E|CS|TAMS 0x0000000085a00000| PB 0x0000000085a00000| Complete 
|  91|0x0000000085b00000, 0x0000000085c00000, 0x0000000085c00000|100%| E|CS|TAMS 0x0000000085b00000| PB 0x0000000085b00000| Complete 
|  92|0x0000000085c00000, 0x0000000085d00000, 0x0000000085d00000|100%| E|CS|TAMS 0x0000000085c00000| PB 0x0000000085c00000| Complete 
|  93|0x0000000085d00000, 0x0000000085e00000, 0x0000000085e00000|100%| E|CS|TAMS 0x0000000085d00000| PB 0x0000000085d00000| Complete 
|  94|0x0000000085e00000, 0x0000000085f00000, 0x0000000085f00000|100%| E|CS|TAMS 0x0000000085e00000| PB 0x0000000085e00000| Complete 
|  95|0x0000000085f00000, 0x0000000086000000, 0x0000000086000000|100%| E|CS|TAMS 0x0000000085f00000| PB 0x0000000085f00000| Complete 
|  96|0x0000000086000000, 0x0000000086100000, 0x0000000086100000|100%| E|CS|TAMS 0x0000000086000000| PB 0x0000000086000000| Complete 
| 179|0x000000008b300000, 0x000000008b400000, 0x000000008b400000|100%| E|CS|TAMS 0x000000008b300000| PB 0x000000008b300000| Complete 
| 180|0x000000008b400000, 0x000000008b500000, 0x000000008b500000|100%| E|CS|TAMS 0x000000008b400000| PB 0x000000008b400000| Complete 
| 181|0x000000008b500000, 0x000000008b600000, 0x000000008b600000|100%| E|CS|TAMS 0x000000008b500000| PB 0x000000008b500000| Complete 
| 182|0x000000008b600000, 0x000000008b700000, 0x000000008b700000|100%| E|CS|TAMS 0x000000008b600000| PB 0x000000008b600000| Complete 
| 183|0x000000008b700000, 0x000000008b800000, 0x000000008b800000|100%| E|CS|TAMS 0x000000008b700000| PB 0x000000008b700000| Complete 
| 184|0x000000008b800000, 0x000000008b900000, 0x000000008b900000|100%| E|CS|TAMS 0x000000008b800000| PB 0x000000008b800000| Complete 
| 185|0x000000008b900000, 0x000000008ba00000, 0x000000008ba00000|100%| E|CS|TAMS 0x000000008b900000| PB 0x000000008b900000| Complete 
| 186|0x000000008ba00000, 0x000000008bb00000, 0x000000008bb00000|100%| E|CS|TAMS 0x000000008ba00000| PB 0x000000008ba00000| Complete 
| 187|0x000000008bb00000, 0x000000008bc00000, 0x000000008bc00000|100%| E|CS|TAMS 0x000000008bb00000| PB 0x000000008bb00000| Complete 
| 254|0x000000008fe00000, 0x000000008ff00000, 0x000000008ff00000|100%| E|CS|TAMS 0x000000008fe00000| PB 0x000000008fe00000| Complete 
| 255|0x000000008ff00000, 0x0000000090000000, 0x0000000090000000|100%| E|CS|TAMS 0x000000008ff00000| PB 0x000000008ff00000| Complete 

Card table byte_map: [0x0000013e3bd00000,0x0000013e3c100000] _byte_map_base: 0x0000013e3b900000

Marking Bits: (CMBitMap*) 0x0000013e294d68a0
 Bits: [0x0000013e3c100000, 0x0000013e3e100000)

Polling page: 0x0000013e273a0000

Metaspace:

Usage:
  Non-class:     53.58 MB used.
      Class:      8.61 MB used.
       Both:     62.19 MB used.

Virtual space:
  Non-class space:       64.00 MB reserved,      54.44 MB ( 85%) committed,  1 nodes.
      Class space:        1.00 GB reserved,       9.38 MB ( <1%) committed,  1 nodes.
             Both:        1.06 GB reserved,      63.81 MB (  6%) committed. 

Chunk freelists:
   Non-Class:  9.44 MB
       Class:  6.64 MB
        Both:  16.08 MB

MaxMetaspaceSize: unlimited
CompressedClassSpaceSize: 1.00 GB
Initial GC threshold: 21.00 MB
Current GC threshold: 99.50 MB
CDS: off
 - commit_granule_bytes: 65536.
 - commit_granule_words: 8192.
 - virtual_space_node_default_size: 8388608.
 - enlarge_chunks_in_place: 1.
 - use_allocation_guard: 0.


Internal statistics:

num_allocs_failed_limit: 12.
num_arena_births: 2966.
num_arena_deaths: 0.
num_vsnodes_births: 2.
num_vsnodes_deaths: 0.
num_space_committed: 1021.
num_space_uncommitted: 0.
num_chunks_returned_to_freelist: 12.
num_chunks_taken_from_freelist: 5467.
num_chunk_merges: 12.
num_chunk_splits: 3586.
num_chunks_enlarged: 2261.
num_inconsistent_stats: 0.

CodeHeap 'non-profiled nmethods': size=120000Kb used=3304Kb max_used=3304Kb free=116695Kb
 bounds [0x0000013e340a0000, 0x0000013e343e0000, 0x0000013e3b5d0000]
CodeHeap 'profiled nmethods': size=120000Kb used=9626Kb max_used=9626Kb free=110373Kb
 bounds [0x0000013e2c5d0000, 0x0000013e2cf40000, 0x0000013e33b00000]
CodeHeap 'non-nmethods': size=5760Kb used=1961Kb max_used=2041Kb free=3798Kb
 bounds [0x0000013e33b00000, 0x0000013e33d70000, 0x0000013e340a0000]
 total_blobs=5751 nmethods=5012 adapters=642
 compilation: enabled
              stopped_count=0, restarted_count=0
 full_count=0

Compilation events (20 events):
Event: 17.251 Thread 0x0000013e450fddb0 5595       3       com.google.common.collect.LinkedHashMultimap::access$400 (6 bytes)
Event: 17.251 Thread 0x0000013e450fddb0 nmethod 5595 0x0000013e2cf30b10 code [0x0000013e2cf30cc0, 0x0000013e2cf30ef8]
Event: 17.251 Thread 0x0000013e450ccd20 nmethod 5551 0x0000013e343d4d10 code [0x0000013e343d4f00, 0x0000013e343d5bd0]
Event: 17.252 Thread 0x0000013e450ccd20 5598       4       org.gradle.internal.service.DefaultServiceRegistry$CompositeServiceProvider::getService (49 bytes)
Event: 17.252 Thread 0x0000013e450fddb0 5599       3       org.gradle.api.internal.artifacts.repositories.resolver.AbstractResourcePattern::isOptionalToken (153 bytes)
Event: 17.253 Thread 0x0000013e450ccd20 nmethod 5598 0x0000013e343d6010 code [0x0000013e343d61a0, 0x0000013e343d62e0]
Event: 17.253 Thread 0x0000013e450ccd20 5597       4       org.objectweb.asm.Frame::getAbstractTypeFromDescriptor (432 bytes)
Event: 17.253 Thread 0x0000013e450fddb0 nmethod 5599 0x0000013e2cf31010 code [0x0000013e2cf312e0, 0x0000013e2cf321d0]
Event: 17.253 Thread 0x0000013e450fddb0 5600       3       java.lang.Character::forDigit (42 bytes)
Event: 17.253 Thread 0x0000013e450fddb0 nmethod 5600 0x0000013e2cf32810 code [0x0000013e2cf329c0, 0x0000013e2cf32c60]
Event: 17.266 Thread 0x0000013e450ccd20 nmethod 5597 0x0000013e343d6410 code [0x0000013e343d66a0, 0x0000013e343d7688]
Event: 17.266 Thread 0x0000013e450ccd20 5589       4       jdk.internal.loader.URLClassPath$JarLoader::findResource (18 bytes)
Event: 17.269 Thread 0x0000013e450ccd20 nmethod 5589 0x0000013e343d8110 code [0x0000013e343d8300, 0x0000013e343d8698]
Event: 17.296 Thread 0x0000013e450ccd20 5601       4       sun.invoke.util.VerifyAccess::isClassAccessible (230 bytes)
Event: 17.298 Thread 0x0000013e450ccd20 nmethod 5601 0x0000013e343d8a90 code [0x0000013e343d8c80, 0x0000013e343d8ff8]
Event: 17.315 Thread 0x0000013e450ccd20 5602       4       jdk.internal.org.objectweb.asm.MethodWriter::computeMethodInfoSize (571 bytes)
Event: 17.317 Thread 0x0000013e450fddb0 5606       3       java.util.regex.Pattern::range (294 bytes)
Event: 17.318 Thread 0x0000013e450fddb0 nmethod 5606 0x0000013e2cf32d10 code [0x0000013e2cf33140, 0x0000013e2cf348c0]
Event: 17.320 Thread 0x0000013e450ccd20 nmethod 5602 0x0000013e343d9390 code [0x0000013e343d95c0, 0x0000013e343d9d28]
Event: 17.320 Thread 0x0000013e450ccd20 5604       4       java.util.regex.Pattern::compile (537 bytes)

GC Heap History (20 events):
Event: 0.648 GC heap before
{Heap before GC invocations=0 (full 0):
 garbage-first heap   total 262144K, used 26624K [0x0000000080000000, 0x0000000100000000)
  region size 1024K, 23 young (23552K), 0 survivors (0K)
 Metaspace       used 7988K, committed 8128K, reserved 1114112K
  class space    used 719K, committed 768K, reserved 1048576K
}
Event: 0.652 GC heap after
{Heap after GC invocations=1 (full 0):
 garbage-first heap   total 262144K, used 10378K [0x0000000080000000, 0x0000000100000000)
  region size 1024K, 3 young (3072K), 3 survivors (3072K)
 Metaspace       used 7988K, committed 8128K, reserved 1114112K
  class space    used 719K, committed 768K, reserved 1048576K
}
Event: 3.600 GC heap before
{Heap before GC invocations=1 (full 0):
 garbage-first heap   total 262144K, used 41098K [0x0000000080000000, 0x0000000100000000)
  region size 1024K, 33 young (33792K), 3 survivors (3072K)
 Metaspace       used 12038K, committed 12224K, reserved 1114112K
  class space    used 1280K, committed 1408K, reserved 1048576K
}
Event: 3.603 GC heap after
{Heap after GC invocations=2 (full 0):
 garbage-first heap   total 262144K, used 11917K [0x0000000080000000, 0x0000000100000000)
  region size 1024K, 2 young (2048K), 2 survivors (2048K)
 Metaspace       used 12038K, committed 12224K, reserved 1114112K
  class space    used 1280K, committed 1408K, reserved 1048576K
}
Event: 4.489 GC heap before
{Heap before GC invocations=2 (full 0):
 garbage-first heap   total 262144K, used 80525K [0x0000000080000000, 0x0000000100000000)
  region size 1024K, 68 young (69632K), 2 survivors (2048K)
 Metaspace       used 21223K, committed 21504K, reserved 1114112K
  class space    used 2469K, committed 2624K, reserved 1048576K
}
Event: 4.495 GC heap after
{Heap after GC invocations=3 (full 0):
 garbage-first heap   total 262144K, used 20538K [0x0000000080000000, 0x0000000100000000)
  region size 1024K, 9 young (9216K), 9 survivors (9216K)
 Metaspace       used 21223K, committed 21504K, reserved 1114112K
  class space    used 2469K, committed 2624K, reserved 1048576K
}
Event: 5.855 GC heap before
{Heap before GC invocations=4 (full 0):
 garbage-first heap   total 78848K, used 76858K [0x0000000080000000, 0x0000000100000000)
  region size 1024K, 65 young (66560K), 9 survivors (9216K)
 Metaspace       used 30338K, committed 30976K, reserved 1114112K
  class space    used 3941K, committed 4224K, reserved 1048576K
}
Event: 5.865 GC heap after
{Heap after GC invocations=5 (full 0):
 garbage-first heap   total 92160K, used 24467K [0x0000000080000000, 0x0000000100000000)
  region size 1024K, 13 young (13312K), 13 survivors (13312K)
 Metaspace       used 30338K, committed 30976K, reserved 1114112K
  class space    used 3941K, committed 4224K, reserved 1048576K
}
Event: 6.453 GC heap before
{Heap before GC invocations=5 (full 0):
 garbage-first heap   total 92160K, used 60307K [0x0000000080000000, 0x0000000100000000)
  region size 1024K, 50 young (51200K), 13 survivors (13312K)
 Metaspace       used 35261K, committed 36096K, reserved 1114112K
  class space    used 4760K, committed 5120K, reserved 1048576K
}
Event: 6.460 GC heap after
{Heap after GC invocations=6 (full 0):
 garbage-first heap   total 92160K, used 26624K [0x0000000080000000, 0x0000000100000000)
  region size 1024K, 6 young (6144K), 6 survivors (6144K)
 Metaspace       used 35261K, committed 36096K, reserved 1114112K
  class space    used 4760K, committed 5120K, reserved 1048576K
}
Event: 6.500 GC heap before
{Heap before GC invocations=6 (full 0):
 garbage-first heap   total 92160K, used 28672K [0x0000000080000000, 0x0000000100000000)
  region size 1024K, 9 young (9216K), 6 survivors (6144K)
 Metaspace       used 35542K, committed 36416K, reserved 1114112K
  class space    used 4817K, committed 5248K, reserved 1048576K
}
Event: 6.503 GC heap after
{Heap after GC invocations=7 (full 0):
 garbage-first heap   total 92160K, used 27014K [0x0000000080000000, 0x0000000100000000)
  region size 1024K, 3 young (3072K), 3 survivors (3072K)
 Metaspace       used 35542K, committed 36416K, reserved 1114112K
  class space    used 4817K, committed 5248K, reserved 1048576K
}
Event: 8.336 GC heap before
{Heap before GC invocations=8 (full 0):
 garbage-first heap   total 92160K, used 74118K [0x0000000080000000, 0x0000000100000000)
  region size 1024K, 49 young (50176K), 3 survivors (3072K)
 Metaspace       used 44164K, committed 45312K, reserved 1114112K
  class space    used 5982K, committed 6528K, reserved 1048576K
}
Event: 8.341 GC heap after
{Heap after GC invocations=9 (full 0):
 garbage-first heap   total 92160K, used 30568K [0x0000000080000000, 0x0000000100000000)
  region size 1024K, 7 young (7168K), 7 survivors (7168K)
 Metaspace       used 44164K, committed 45312K, reserved 1114112K
  class space    used 5982K, committed 6528K, reserved 1048576K
}
Event: 8.855 GC heap before
{Heap before GC invocations=9 (full 0):
 garbage-first heap   total 92160K, used 74600K [0x0000000080000000, 0x0000000100000000)
  region size 1024K, 51 young (52224K), 7 survivors (7168K)
 Metaspace       used 46322K, committed 47552K, reserved 1114112K
  class space    used 6245K, committed 6848K, reserved 1048576K
}
Event: 8.860 GC heap after
{Heap after GC invocations=10 (full 0):
 garbage-first heap   total 92160K, used 33181K [0x0000000080000000, 0x0000000100000000)
  region size 1024K, 3 young (3072K), 3 survivors (3072K)
 Metaspace       used 46322K, committed 47552K, reserved 1114112K
  class space    used 6245K, committed 6848K, reserved 1048576K
}
Event: 11.336 GC heap before
{Heap before GC invocations=10 (full 0):
 garbage-first heap   total 92160K, used 78237K [0x0000000080000000, 0x0000000100000000)
  region size 1024K, 47 young (48128K), 3 survivors (3072K)
 Metaspace       used 51189K, committed 52608K, reserved 1114112K
  class space    used 7065K, committed 7744K, reserved 1048576K
}
Event: 11.340 GC heap after
{Heap after GC invocations=11 (full 0):
 garbage-first heap   total 110592K, used 35525K [0x0000000080000000, 0x0000000100000000)
  region size 1024K, 6 young (6144K), 6 survivors (6144K)
 Metaspace       used 51189K, committed 52608K, reserved 1114112K
  class space    used 7065K, committed 7744K, reserved 1048576K
}
Event: 15.204 GC heap before
{Heap before GC invocations=11 (full 0):
 garbage-first heap   total 110592K, used 90821K [0x0000000080000000, 0x0000000100000000)
  region size 1024K, 60 young (61440K), 6 survivors (6144K)
 Metaspace       used 59338K, committed 60800K, reserved 1114112K
  class space    used 8102K, committed 8832K, reserved 1048576K
}
Event: 15.209 GC heap after
{Heap after GC invocations=12 (full 0):
 garbage-first heap   total 110592K, used 38231K [0x0000000080000000, 0x0000000100000000)
  region size 1024K, 6 young (6144K), 6 survivors (6144K)
 Metaspace       used 59338K, committed 60800K, reserved 1114112K
  class space    used 8102K, committed 8832K, reserved 1048576K
}

Dll operation events (3 events):
Event: 0.006 Loaded shared library E:\Android Studio\jbr\bin\java.dll
Event: 0.012 Loaded shared library E:\Android Studio\jbr\bin\zip.dll
Event: 0.656 Loaded shared library E:\Android Studio\jbr\bin\verify.dll

Deoptimization events (20 events):
Event: 17.215 Thread 0x0000013e46297f60 DEOPT PACKING pc=0x0000013e2c9b8613 sp=0x00000024adef8050
Event: 17.215 Thread 0x0000013e46297f60 DEOPT UNPACKING pc=0x0000013e33b54e42 sp=0x00000024adef74e8 mode 0
Event: 17.230 Thread 0x0000013e46297f60 Uncommon trap: trap_request=0xffffffc6 fr.pc=0x0000013e3426d0ec relative=0x000000000000030c
Event: 17.230 Thread 0x0000013e46297f60 Uncommon trap: reason=bimorphic_or_optimized_type_check action=maybe_recompile pc=0x0000013e3426d0ec method=com.google.common.base.CharMatcher.indexIn(Ljava/lang/CharSequence;I)I @ 31 c2
Event: 17.230 Thread 0x0000013e46297f60 DEOPT PACKING pc=0x0000013e3426d0ec sp=0x00000024adef9970
Event: 17.230 Thread 0x0000013e46297f60 DEOPT UNPACKING pc=0x0000013e33b546a2 sp=0x00000024adef9918 mode 2
Event: 17.233 Thread 0x0000013e46297f60 DEOPT PACKING pc=0x0000013e2cbb7bf3 sp=0x00000024adef7e90
Event: 17.233 Thread 0x0000013e46297f60 DEOPT UNPACKING pc=0x0000013e33b54e42 sp=0x00000024adef7340 mode 0
Event: 17.234 Thread 0x0000013e46297f60 Uncommon trap: trap_request=0xffffffc6 fr.pc=0x0000013e3426d0ec relative=0x000000000000030c
Event: 17.234 Thread 0x0000013e46297f60 Uncommon trap: reason=bimorphic_or_optimized_type_check action=maybe_recompile pc=0x0000013e3426d0ec method=com.google.common.base.CharMatcher.indexIn(Ljava/lang/CharSequence;I)I @ 31 c2
Event: 17.234 Thread 0x0000013e46297f60 DEOPT PACKING pc=0x0000013e3426d0ec sp=0x00000024adef9970
Event: 17.234 Thread 0x0000013e46297f60 DEOPT UNPACKING pc=0x0000013e33b546a2 sp=0x00000024adef9918 mode 2
Event: 17.236 Thread 0x0000013e46297f60 Uncommon trap: trap_request=0xffffffc6 fr.pc=0x0000013e3426d0ec relative=0x000000000000030c
Event: 17.236 Thread 0x0000013e46297f60 Uncommon trap: reason=bimorphic_or_optimized_type_check action=maybe_recompile pc=0x0000013e3426d0ec method=com.google.common.base.CharMatcher.indexIn(Ljava/lang/CharSequence;I)I @ 31 c2
Event: 17.236 Thread 0x0000013e46297f60 DEOPT PACKING pc=0x0000013e3426d0ec sp=0x00000024adef9970
Event: 17.236 Thread 0x0000013e46297f60 DEOPT UNPACKING pc=0x0000013e33b546a2 sp=0x00000024adef9918 mode 2
Event: 17.242 Thread 0x0000013e46297f60 Uncommon trap: trap_request=0xffffffc6 fr.pc=0x0000013e3426d0ec relative=0x000000000000030c
Event: 17.242 Thread 0x0000013e46297f60 Uncommon trap: reason=bimorphic_or_optimized_type_check action=maybe_recompile pc=0x0000013e3426d0ec method=com.google.common.base.CharMatcher.indexIn(Ljava/lang/CharSequence;I)I @ 31 c2
Event: 17.242 Thread 0x0000013e46297f60 DEOPT PACKING pc=0x0000013e3426d0ec sp=0x00000024adef9160
Event: 17.242 Thread 0x0000013e46297f60 DEOPT UNPACKING pc=0x0000013e33b546a2 sp=0x00000024adef9108 mode 2

Classes loaded (20 events):
Event: 17.220 Loading class sun/util/logging/internal/LoggingProviderImpl$JULWrapper
Event: 17.220 Loading class sun/util/logging/PlatformLogger$ConfigurableBridge$LoggerConfiguration
Event: 17.220 Loading class sun/util/logging/PlatformLogger$ConfigurableBridge$LoggerConfiguration done
Event: 17.220 Loading class sun/util/logging/internal/LoggingProviderImpl$JULWrapper done
Event: 17.220 Loading class java/io/ObjectInputFilter$Config$BuiltinFilterFactory
Event: 17.220 Loading class java/io/ObjectInputFilter$Config$BuiltinFilterFactory done
Event: 17.220 Loading class jdk/internal/access/JavaObjectInputFilterAccess
Event: 17.220 Loading class jdk/internal/access/JavaObjectInputFilterAccess done
Event: 17.220 Loading class java/lang/System$Logger$Level
Event: 17.220 Loading class java/lang/System$Logger$Level done
Event: 17.221 Loading class jdk/internal/event/DeserializationEvent
Event: 17.221 Loading class jdk/internal/event/DeserializationEvent done
Event: 17.221 Loading class java/io/ObjectInputStream$FieldValues
Event: 17.221 Loading class java/io/ObjectInputStream$GetField
Event: 17.221 Loading class java/io/ObjectInputStream$GetField done
Event: 17.221 Loading class java/io/ObjectInputStream$FieldValues done
Event: 17.226 Loading class sun/reflect/ReflectionFactory
Event: 17.226 Loading class sun/reflect/ReflectionFactory done
Event: 17.226 Loading class sun/reflect/ReflectionFactory$1
Event: 17.226 Loading class sun/reflect/ReflectionFactory$1 done

Classes unloaded (0 events):
No events

Classes redefined (0 events):
No events

Internal exceptions (20 events):
Event: 15.385 Thread 0x0000013e46341770 Exception <a 'java/lang/NoSuchMethodError'{0x000000008b4292c8}: static Lorg/gradle/internal/build/event/types/AbstractProgressEvent;.<clinit>()V> (0x000000008b4292c8) 
thrown [s\src\hotspot\share\prims\jni.cpp, line 1126]
Event: 15.386 Thread 0x0000013e46341770 Exception <a 'java/lang/NoSuchMethodError'{0x000000008b43ac30}: static Lorg/gradle/internal/build/event/types/DefaultProjectConfigurationDescriptor;.<clinit>()V> (0x000000008b43ac30) 
thrown [s\src\hotspot\share\prims\jni.cpp, line 1126]
Event: 15.387 Thread 0x0000013e46341770 Exception <a 'java/lang/NoSuchMethodError'{0x000000008b43d1b8}: static Lorg/gradle/internal/build/event/types/DefaultOperationDescriptor;.<clinit>()V> (0x000000008b43d1b8) 
thrown [s\src\hotspot\share\prims\jni.cpp, line 1126]
Event: 15.387 Thread 0x0000013e46341770 Exception <a 'java/lang/NoSuchMethodError'{0x000000008b441fc8}: 'long java.lang.invoke.DirectMethodHandle$Holder.invokeSpecial(java.lang.Object, java.lang.Object)'> (0x000000008b441fc8) 
thrown [s\src\hotspot\share\interpreter\linkResolver.cpp, line 784]
Event: 15.388 Thread 0x0000013e46341770 Exception <a 'java/lang/NoSuchMethodError'{0x000000008b445470}: 'long java.lang.invoke.Invokers$Holder.invokeExact_MT(java.lang.Object, java.lang.Object)'> (0x000000008b445470) 
thrown [s\src\hotspot\share\interpreter\linkResolver.cpp, line 784]
Event: 15.389 Thread 0x0000013e46341770 Exception <a 'java/lang/NoSuchMethodError'{0x000000008b45c378}: static Lorg/gradle/internal/operations/OperationIdentifier;.<clinit>()V> (0x000000008b45c378) 
thrown [s\src\hotspot\share\prims\jni.cpp, line 1126]
Event: 16.006 Thread 0x0000013e46297f60 Exception <a 'java/lang/NoSuchMethodError'{0x0000000085ca9420}: 'long java.lang.invoke.DirectMethodHandle$Holder.invokeStatic(java.lang.Object, long)'> (0x0000000085ca9420) 
thrown [s\src\hotspot\share\interpreter\linkResolver.cpp, line 784]
Event: 16.053 Thread 0x0000013e46297f60 Implicit null exception at 0x0000013e34364d4c to 0x0000013e3436509c
Event: 16.178 Thread 0x0000013e46297f60 Exception <a 'java/lang/NoSuchMethodError'{0x0000000085347268}: 'java.lang.Object java.lang.invoke.DirectMethodHandle$Holder.invokeVirtual(java.lang.Object, java.lang.Object, java.lang.Object, java.lang.Object, java.lang.Object, java.lang.Object, java.lang.Object, java.lang.Object, java.lang.Object, java.lang.Object, java.lang.Object, java.lang.Object, java.lang.Object, java.lang.Object, java.lang.Object, java.lang.Object, java.lang.Object)'> (0x0000000085347268) 
thrown [s\src\hotspot\share\interpreter\li
Event: 16.178 Thread 0x0000013e46297f60 Exception <a 'java/lang/NoSuchMethodError'{0x000000008534d1e8}: 'java.lang.Object java.lang.invoke.DirectMethodHandle$Holder.invokeSpecial(java.lang.Object, java.lang.Object, java.lang.Object, java.lang.Object, java.lang.Object, java.lang.Object, java.lang.Object, java.lang.Object, java.lang.Object, java.lang.Object, java.lang.Object, java.lang.Object, java.lang.Object, java.lang.Object, java.lang.Object, java.lang.Object, java.lang.Object, java.lang.Object)'> (0x000000008534d1e8) 
thrown [s\src\hotspot\sh
Event: 16.178 Thread 0x0000013e46297f60 Exception <a 'java/lang/NoSuchMethodError'{0x00000000853526f8}: 'java.lang.Object java.lang.invoke.DelegatingMethodHandle$Holder.reinvoke_L(java.lang.Object, java.lang.Object, java.lang.Object, java.lang.Object, java.lang.Object, java.lang.Object, java.lang.Object, java.lang.Object, java.lang.Object, java.lang.Object, java.lang.Object, java.lang.Object, java.lang.Object, java.lang.Object, java.lang.Object, java.lang.Object, java.lang.Object)'> (0x00000000853526f8) 
thrown [s\src\hotspot\share\interpreter\l
Event: 16.185 Thread 0x0000013e46297f60 Exception <a 'java/lang/NoSuchMethodError'{0x00000000852086f0}: 'void java.lang.invoke.DirectMethodHandle$Holder.invokeStatic(java.lang.Object, java.lang.Object, java.lang.Object, java.lang.Object, java.lang.Object, java.lang.Object)'> (0x00000000852086f0) 
thrown [s\src\hotspot\share\interpreter\linkResolver.cpp, line 784]
Event: 17.202 Thread 0x0000013e46297f60 Exception <a 'java/lang/NoSuchMethodError'{0x0000000084eee9c8}: static Lorg/gradle/api/internal/catalog/DefaultVersionCatalog;.<clinit>()V> (0x0000000084eee9c8) 
thrown [s\src\hotspot\share\prims\jni.cpp, line 1126]
Event: 17.206 Thread 0x0000013e46297f60 Exception <a 'java/lang/NoSuchMethodError'{0x0000000084d3fb38}: static [Ljava/lang/Object;.<clinit>()V> (0x0000000084d3fb38) 
thrown [s\src\hotspot\share\prims\jni.cpp, line 1126]
Event: 17.209 Thread 0x0000013e46297f60 Exception <a 'java/lang/NoSuchMethodError'{0x0000000084d67008}: static Lorg/gradle/api/internal/catalog/DependencyModel;.<clinit>()V> (0x0000000084d67008) 
thrown [s\src\hotspot\share\prims\jni.cpp, line 1126]
Event: 17.209 Thread 0x0000013e46297f60 Exception <a 'java/lang/NoSuchMethodError'{0x0000000084d6b1a8}: static Lorg/gradle/api/internal/catalog/AbstractContextAwareModel;.<clinit>()V> (0x0000000084d6b1a8) 
thrown [s\src\hotspot\share\prims\jni.cpp, line 1126]
Event: 17.210 Thread 0x0000013e46297f60 Exception <a 'java/lang/NoSuchMethodError'{0x0000000084d84ed8}: static Lorg/gradle/api/internal/artifacts/dependencies/AbstractVersionConstraint;.<clinit>()V> (0x0000000084d84ed8) 
thrown [s\src\hotspot\share\prims\jni.cpp, line 1126]
Event: 17.214 Thread 0x0000013e46297f60 Exception <a 'java/lang/NoSuchMethodError'{0x0000000084de59b8}: static Lorg/gradle/api/internal/catalog/PluginModel;.<clinit>()V> (0x0000000084de59b8) 
thrown [s\src\hotspot\share\prims\jni.cpp, line 1126]
Event: 17.215 Thread 0x0000013e46297f60 Exception <a 'java/lang/NoSuchMethodError'{0x0000000084dfcd48}: static Lorg/gradle/api/internal/catalog/VersionModel;.<clinit>()V> (0x0000000084dfcd48) 
thrown [s\src\hotspot\share\prims\jni.cpp, line 1126]
Event: 17.217 Thread 0x0000013e46297f60 Exception <a 'java/lang/NoSuchMethodError'{0x0000000084c21f60}: 'void java.lang.invoke.DirectMethodHandle$Holder.invokeSpecial(java.lang.Object, java.lang.Object, java.lang.Object, int)'> (0x0000000084c21f60) 
thrown [s\src\hotspot\share\interpreter\linkResolver.cpp, line 784]

ZGC Phase Switch (0 events):
No events

VM Operations (20 events):
Event: 12.352 Executing VM operation: Cleanup
Event: 12.352 Executing VM operation: Cleanup done
Event: 13.361 Executing VM operation: Cleanup
Event: 13.362 Executing VM operation: Cleanup done
Event: 14.374 Executing VM operation: Cleanup
Event: 14.374 Executing VM operation: Cleanup done
Event: 15.050 Executing VM operation: HandshakeAllThreads (Deoptimize)
Event: 15.050 Executing VM operation: HandshakeAllThreads (Deoptimize) done
Event: 15.204 Executing VM operation: CollectForMetadataAllocation (Metadata GC Threshold)
Event: 15.209 Executing VM operation: CollectForMetadataAllocation (Metadata GC Threshold) done
Event: 15.231 Executing VM operation: G1PauseRemark
Event: 15.234 Executing VM operation: G1PauseRemark done
Event: 15.245 Executing VM operation: G1PauseCleanup
Event: 15.246 Executing VM operation: G1PauseCleanup done
Event: 15.284 Executing VM operation: HandshakeAllThreads (Deoptimize)
Event: 15.284 Executing VM operation: HandshakeAllThreads (Deoptimize) done
Event: 16.284 Executing VM operation: Cleanup
Event: 16.284 Executing VM operation: Cleanup done
Event: 17.204 Executing VM operation: HandshakeAllThreads (Deoptimize)
Event: 17.204 Executing VM operation: HandshakeAllThreads (Deoptimize) done

Events (20 events):
Event: 15.234 Thread 0x0000013e45067fd0 flushing nmethod 0x0000013e341e4e90
Event: 15.234 Thread 0x0000013e45067fd0 flushing nmethod 0x0000013e341e4590
Event: 15.234 Thread 0x0000013e45067fd0 flushing nmethod 0x0000013e341e0090
Event: 15.234 Thread 0x0000013e45067fd0 flushing nmethod 0x0000013e341b8f90
Event: 15.234 Thread 0x0000013e45067fd0 flushing nmethod 0x0000013e341b8a90
Event: 15.234 Thread 0x0000013e45067fd0 flushing nmethod 0x0000013e3419db90
Event: 15.234 Thread 0x0000013e45067fd0 flushing nmethod 0x0000013e34197290
Event: 15.234 Thread 0x0000013e45067fd0 flushing nmethod 0x0000013e34159a90
Event: 15.234 Thread 0x0000013e45067fd0 flushing nmethod 0x0000013e34106b90
Event: 15.234 Thread 0x0000013e45067fd0 flushing nmethod 0x0000013e34159110
Event: 15.234 Thread 0x0000013e45067fd0 flushing nmethod 0x0000013e3413ed10
Event: 15.234 Thread 0x0000013e45067fd0 flushing nmethod 0x0000013e34124c90
Event: 15.234 Thread 0x0000013e45067fd0 flushing nmethod 0x0000013e3413a510
Event: 15.234 Thread 0x0000013e45067fd0 flushing nmethod 0x0000013e340fe410
Event: 15.234 Thread 0x0000013e45067fd0 flushing nmethod 0x0000013e340c2090
Event: 15.733 Thread 0x0000013e46c080a0 Thread exited: 0x0000013e46c080a0
Event: 15.970 Thread 0x0000013e46c080a0 Thread added: 0x0000013e46c080a0
Event: 16.065 Thread 0x0000013e46c08770 Thread added: 0x0000013e46c08770
Event: 16.543 Thread 0x0000013e46c08770 Thread exited: 0x0000013e46c08770
Event: 17.114 Thread 0x0000013e46c080a0 Thread exited: 0x0000013e46c080a0


Dynamic libraries:
0x00007ff618850000 - 0x00007ff61885a000 	E:\Android Studio\jbr\bin\java.exe
0x00007ff8a98b0000 - 0x00007ff8a9aa8000 	C:\WINDOWS\SYSTEM32\ntdll.dll
0x00007ff8a84e0000 - 0x00007ff8a85a2000 	C:\WINDOWS\System32\KERNEL32.DLL
0x00007ff8a75d0000 - 0x00007ff8a78ce000 	C:\WINDOWS\System32\KERNELBASE.dll
0x00007ff8a74d0000 - 0x00007ff8a75d0000 	C:\WINDOWS\System32\ucrtbase.dll
0x00007ff8a1650000 - 0x00007ff8a1668000 	E:\Android Studio\jbr\bin\jli.dll
0x00007ff882830000 - 0x00007ff88284b000 	E:\Android Studio\jbr\bin\VCRUNTIME140.dll
0x00007ff8a8650000 - 0x00007ff8a87ed000 	C:\WINDOWS\System32\USER32.dll
0x00007ff8a6ff0000 - 0x00007ff8a7012000 	C:\WINDOWS\System32\win32u.dll
0x00007ff894560000 - 0x00007ff8947fa000 	C:\WINDOWS\WinSxS\amd64_microsoft.windows.common-controls_6595b64144ccf1df_6.0.19041.4355_none_60b8b9eb71f62e16\COMCTL32.dll
0x00007ff8a8800000 - 0x00007ff8a882b000 	C:\WINDOWS\System32\GDI32.dll
0x00007ff8a8360000 - 0x00007ff8a83fe000 	C:\WINDOWS\System32\msvcrt.dll
0x00007ff8a7300000 - 0x00007ff8a7417000 	C:\WINDOWS\System32\gdi32full.dll
0x00007ff8a6f50000 - 0x00007ff8a6fed000 	C:\WINDOWS\System32\msvcp_win.dll
0x00007ff8a8830000 - 0x00007ff8a885f000 	C:\WINDOWS\System32\IMM32.DLL
0x00007ff889230000 - 0x00007ff88923c000 	E:\Android Studio\jbr\bin\vcruntime140_1.dll
0x00007ff88a440000 - 0x00007ff88a4cd000 	E:\Android Studio\jbr\bin\msvcp140.dll
0x00007ff849a60000 - 0x00007ff84a6dd000 	E:\Android Studio\jbr\bin\server\jvm.dll
0x00007ff8a8e20000 - 0x00007ff8a8ed2000 	C:\WINDOWS\System32\ADVAPI32.dll
0x00007ff8a85b0000 - 0x00007ff8a8650000 	C:\WINDOWS\System32\sechost.dll
0x00007ff8a7d50000 - 0x00007ff8a7e73000 	C:\WINDOWS\System32\RPCRT4.dll
0x00007ff8a7180000 - 0x00007ff8a71a7000 	C:\WINDOWS\System32\bcrypt.dll
0x00007ff8a8080000 - 0x00007ff8a80eb000 	C:\WINDOWS\System32\WS2_32.dll
0x00007ff8a6db0000 - 0x00007ff8a6dfb000 	C:\WINDOWS\SYSTEM32\POWRPROF.dll
0x00007ff8979b0000 - 0x00007ff8979d7000 	C:\WINDOWS\SYSTEM32\WINMM.dll
0x00007ff8a04f0000 - 0x00007ff8a04fa000 	C:\WINDOWS\SYSTEM32\VERSION.dll
0x00007ff8a6d90000 - 0x00007ff8a6da2000 	C:\WINDOWS\SYSTEM32\UMPDC.dll
0x00007ff8a5730000 - 0x00007ff8a5742000 	C:\WINDOWS\SYSTEM32\kernel.appcore.dll
0x00007ff882fa0000 - 0x00007ff882faa000 	E:\Android Studio\jbr\bin\jimage.dll
0x00007ff8a5510000 - 0x00007ff8a56f4000 	C:\WINDOWS\SYSTEM32\DBGHELP.DLL
0x00007ff891ca0000 - 0x00007ff891cd4000 	C:\WINDOWS\SYSTEM32\dbgcore.DLL
0x00007ff8a71b0000 - 0x00007ff8a7232000 	C:\WINDOWS\System32\bcryptPrimitives.dll
0x00007ff8a1640000 - 0x00007ff8a164e000 	E:\Android Studio\jbr\bin\instrument.dll
0x00007ff881a80000 - 0x00007ff881a9f000 	E:\Android Studio\jbr\bin\java.dll
0x00007ff881a60000 - 0x00007ff881a78000 	E:\Android Studio\jbr\bin\zip.dll
0x00007ff8a9100000 - 0x00007ff8a986f000 	C:\WINDOWS\System32\SHELL32.dll
0x00007ff8a4ca0000 - 0x00007ff8a5444000 	C:\WINDOWS\SYSTEM32\windows.storage.dll
0x00007ff8a8ac0000 - 0x00007ff8a8e13000 	C:\WINDOWS\System32\combase.dll
0x00007ff8a68b0000 - 0x00007ff8a68de000 	C:\WINDOWS\SYSTEM32\Wldp.dll
0x00007ff8a9030000 - 0x00007ff8a90fd000 	C:\WINDOWS\System32\OLEAUT32.dll
0x00007ff8a7ee0000 - 0x00007ff8a7f8d000 	C:\WINDOWS\System32\SHCORE.dll
0x00007ff8a8300000 - 0x00007ff8a8355000 	C:\WINDOWS\System32\shlwapi.dll
0x00007ff8a6e80000 - 0x00007ff8a6ea4000 	C:\WINDOWS\SYSTEM32\profapi.dll
0x00007ff882210000 - 0x00007ff882220000 	E:\Android Studio\jbr\bin\net.dll
0x00007ff89e740000 - 0x00007ff89e84d000 	C:\WINDOWS\SYSTEM32\WINHTTP.dll
0x00007ff8a6610000 - 0x00007ff8a667a000 	C:\WINDOWS\system32\mswsock.dll
0x00007ff87e860000 - 0x00007ff87e876000 	E:\Android Studio\jbr\bin\nio.dll
0x00007ff874410000 - 0x00007ff874420000 	E:\Android Studio\jbr\bin\verify.dll
0x00007ff882290000 - 0x00007ff8822b7000 	E:\Arief\Android_SDK\.gradle\native\c067742578af261105cb4f569cf0c3c89f3d7b1fecec35dd04571415982c5e48\windows-amd64\native-platform.dll
0x00007ff855d00000 - 0x00007ff855e44000 	E:\Arief\Android_SDK\.gradle\native\100fb08df4bc3b14c8652ba06237920a3bd2aa13389f12d3474272988ae205f9\windows-amd64\native-platform-file-events.dll
0x00007ff8a39d0000 - 0x00007ff8a39d9000 	E:\Android Studio\jbr\bin\management.dll
0x00007ff89d270000 - 0x00007ff89d27b000 	E:\Android Studio\jbr\bin\management_ext.dll
0x00007ff8a7d40000 - 0x00007ff8a7d48000 	C:\WINDOWS\System32\PSAPI.DLL
0x00007ff8a6810000 - 0x00007ff8a6828000 	C:\WINDOWS\SYSTEM32\CRYPTSP.dll
0x00007ff8a5ef0000 - 0x00007ff8a5f24000 	C:\WINDOWS\system32\rsaenh.dll
0x00007ff8a6e00000 - 0x00007ff8a6e2e000 	C:\WINDOWS\SYSTEM32\USERENV.dll
0x00007ff8a6800000 - 0x00007ff8a680c000 	C:\WINDOWS\SYSTEM32\CRYPTBASE.dll
0x00007ff8a62c0000 - 0x00007ff8a62fb000 	C:\WINDOWS\SYSTEM32\IPHLPAPI.DLL
0x00007ff8a8070000 - 0x00007ff8a8078000 	C:\WINDOWS\System32\NSI.dll
0x00007ff8a3a00000 - 0x00007ff8a3a09000 	E:\Android Studio\jbr\bin\extnet.dll
0x00007ff8a3a10000 - 0x00007ff8a3a17000 	C:\WINDOWS\system32\wshunix.dll

dbghelp: loaded successfully - version: 4.0.5 - missing functions: none
symbol engine: initialized successfully - sym options: 0x614 - pdb path: .;E:\Android Studio\jbr\bin;C:\WINDOWS\SYSTEM32;C:\WINDOWS\WinSxS\amd64_microsoft.windows.common-controls_6595b64144ccf1df_6.0.19041.4355_none_60b8b9eb71f62e16;E:\Android Studio\jbr\bin\server;E:\Arief\Android_SDK\.gradle\native\c067742578af261105cb4f569cf0c3c89f3d7b1fecec35dd04571415982c5e48\windows-amd64;E:\Arief\Android_SDK\.gradle\native\100fb08df4bc3b14c8652ba06237920a3bd2aa13389f12d3474272988ae205f9\windows-amd64

VM Arguments:
jvm_args: --add-opens=java.base/java.util=ALL-UNNAMED --add-opens=java.base/java.lang=ALL-UNNAMED --add-opens=java.base/java.lang.invoke=ALL-UNNAMED --add-opens=java.prefs/java.util.prefs=ALL-UNNAMED --add-exports=jdk.compiler/com.sun.tools.javac.api=ALL-UNNAMED --add-exports=jdk.compiler/com.sun.tools.javac.util=ALL-UNNAMED --add-opens=java.base/java.nio.charset=ALL-UNNAMED --add-opens=java.base/java.net=ALL-UNNAMED --add-opens=java.base/java.util.concurrent.atomic=ALL-UNNAMED -Xmx2048m -Dfile.encoding=UTF-8 -Duser.country=ID -Duser.language=en -Duser.variant -javaagent:E:\Arief\Android_SDK\.gradle\wrapper\dists\gradle-8.9-bin\90cnw93cvbtalezasaz0blq0a\gradle-8.9\lib\agents\gradle-instrumentation-agent-8.9.jar 
java_command: org.gradle.launcher.daemon.bootstrap.GradleDaemon 8.9
java_class_path (initial): E:\Arief\Android_SDK\.gradle\wrapper\dists\gradle-8.9-bin\90cnw93cvbtalezasaz0blq0a\gradle-8.9\lib\gradle-daemon-main-8.9.jar
Launcher Type: SUN_STANDARD

[Global flags]
     intx CICompilerCount                          = 4                                         {product} {ergonomic}
     uint ConcGCThreads                            = 2                                         {product} {ergonomic}
     uint G1ConcRefinementThreads                  = 8                                         {product} {ergonomic}
   size_t G1HeapRegionSize                         = 1048576                                   {product} {ergonomic}
    uintx GCDrainStackTargetSize                   = 64                                        {product} {ergonomic}
   size_t InitialHeapSize                          = 268435456                                 {product} {ergonomic}
   size_t MarkStackSize                            = 4194304                                   {product} {ergonomic}
   size_t MaxHeapSize                              = 2147483648                                {product} {command line}
   size_t MaxNewSize                               = 1287651328                                {product} {ergonomic}
   size_t MinHeapDeltaBytes                        = 1048576                                   {product} {ergonomic}
   size_t MinHeapSize                              = 8388608                                   {product} {ergonomic}
    uintx NonNMethodCodeHeapSize                   = 5839372                                {pd product} {ergonomic}
    uintx NonProfiledCodeHeapSize                  = 122909434                              {pd product} {ergonomic}
    uintx ProfiledCodeHeapSize                     = 122909434                              {pd product} {ergonomic}
    uintx ReservedCodeCacheSize                    = 251658240                              {pd product} {ergonomic}
     bool SegmentedCodeCache                       = true                                      {product} {ergonomic}
   size_t SoftMaxHeapSize                          = 2147483648                             {manageable} {ergonomic}
     bool UseCompressedOops                        = true                           {product lp64_product} {ergonomic}
     bool UseG1GC                                  = true                                      {product} {ergonomic}
     bool UseLargePagesIndividualAllocation        = false                                  {pd product} {ergonomic}

Logging:
Log output configuration:
 #0: stdout all=warning uptime,level,tags foldmultilines=false
 #1: stderr all=off uptime,level,tags foldmultilines=false

Environment Variables:
PATH=C:\WINDOWS;C:\WINDOWS\System32\Wbem;C:\WINDOWS\System32\WindowsPowerShell\v1.0\;C:\WINDOWS\System32\OpenSSH\;C:\Program Files (x86)\NVIDIA Corporation\PhysX\Common;C:\Program Files\NVIDIA Corporation\NVIDIA NvDLISR;C:\Program Files\dotnet\;C:\ProgramData\ComposerSetup\bin;C:\Program Files\Docker\Docker\resources\bin;C:\Program Files\nodejs\;C:\Program Files\Git\cmd;E:\Arief\Phyton\Scripts;E:\Arief\Python\;C:\Program Files\Graphviz\bin;E:\Arief\Phyton\Scripts\;E:\Arief\Phyton\;C:\Users\irvan\AppData\Local\Programs\Python\Launcher\;C:\Program Files\MySQL\MySQL Shell 8.1\bin\;C:\Users\irvan\AppData\Local\Microsoft\WindowsApps;C:\Users\irvan\AppData\Local\Programs\Microsoft VS Code\bin;C:\Users\irvan\AppData\Local\Programs\MiKTeX\miktex\bin\x64\;E:\Arief\Xammp\mysql;C:\Users\irvan\AppData\Roaming\Composer\vendor\bin;C:\Users\irvan\Downloads\php;C:\Users\irvan\AppData\Roaming\npm;C:\Users\irvan\AppData\Local\GitHubDesktop\bin;E:\IntelliJ IDEA\IntelliJ IDEA 2023.3.3\bin;;E:\IntelliJ IDEA\IntelliJ IDEA Community Edition 2024.1.2\bin;;C:\Users\irvan\.dotnet\tools
USERNAME=rifqi
OS=Windows_NT
PROCESSOR_IDENTIFIER=Intel64 Family 6 Model 158 Stepping 10, GenuineIntel
TMP=C:\Users\irvan\AppData\Local\Temp
TEMP=C:\Users\irvan\AppData\Local\Temp




Periodic native trim disabled

JNI global refs:
JNI global refs: 26, weak refs: 1

JNI global refs memory usage: 835, weak refs: 833

Process memory usage:
Resident Set Size: 328864K (1% of 16663700K total physical memory with 1934640K free physical memory)

OOME stack traces (most recent first):
Classloader memory used:
Loader org.gradle.internal.classloader.VisitableURLClassLoader                         : 32166K
Loader bootstrap                                                                       : 22476K
Loader org.gradle.initialization.MixInLegacyTypesClassLoader                           : 8458K
Loader jdk.internal.loader.ClassLoaders$PlatformClassLoader                            : 498K
Loader jdk.internal.loader.ClassLoaders$AppClassLoader                                 : 230K
Loader org.gradle.internal.classloader.VisitableURLClassLoader                         : 219K
Loader jdk.internal.reflect.DelegatingClassLoader                                      : 72000B

Classes loaded by more than one classloader:
Class Program                                                                         : loaded 3 times (x 69B)
Class org.gradle.internal.classloader.ClassLoaderHierarchy                            : loaded 2 times (x 67B)
Class org.gradle.api.internal.classpath.ManifestUtil                                  : loaded 2 times (x 68B)
Class org.gradle.internal.classloader.DefaultClassLoaderFactory                       : loaded 2 times (x 79B)
Class org.gradle.internal.classloader.ClassLoaderVisitor                              : loaded 2 times (x 73B)
Class org.gradle.api.internal.classpath.EffectiveClassPath                            : loaded 2 times (x 87B)
Class org.gradle.api.internal.DefaultClassPathProvider                                : loaded 2 times (x 73B)
Class [Lorg.gradle.api.internal.ClassPathProvider;                                    : loaded 2 times (x 66B)
Class org.gradle.api.internal.ClassPathProvider                                       : loaded 2 times (x 67B)
Class org.gradle.internal.service.UnknownServiceException                             : loaded 2 times (x 80B)
Class org.gradle.internal.classpath.TransformedClassPath                              : loaded 2 times (x 93B)
Class org.gradle.internal.service.ServiceLocator                                      : loaded 2 times (x 67B)
Class org.gradle.internal.InternalTransformer                                         : loaded 2 times (x 67B)
Class org.gradle.internal.classloader.ClasspathUtil$1                                 : loaded 2 times (x 73B)
Class org.gradle.api.internal.classpath.DefaultModuleRegistry$DefaultModule           : loaded 2 times (x 83B)
Class org.gradle.api.internal.classpath.Module                                        : loaded 2 times (x 67B)
Class org.gradle.api.internal.classpath.UnknownModuleException                        : loaded 2 times (x 79B)
Class org.gradle.api.internal.DefaultClassPathRegistry                                : loaded 2 times (x 73B)
Class org.gradle.api.internal.ClassPathRegistry                                       : loaded 2 times (x 67B)
Class org.gradle.internal.classpath.DefaultClassPath$ImmutableUniqueList              : loaded 2 times (x 196B)
Class org.gradle.internal.classloader.FilteringClassLoader                            : loaded 2 times (x 102B)
Class Settings_gradle$1                                                               : loaded 2 times (x 71B)
Class org.gradle.internal.classpath.ClassPath                                         : loaded 2 times (x 67B)
Class org.gradle.api.UncheckedIOException                                             : loaded 2 times (x 79B)
Class org.gradle.internal.installation.GradleInstallation$1                           : loaded 2 times (x 72B)
Class org.gradle.api.internal.classpath.ModuleRegistry                                : loaded 2 times (x 67B)
Class org.gradle.api.internal.classpath.DefaultModuleRegistry                         : loaded 2 times (x 80B)
Class org.gradle.internal.service.ServiceLookupException                              : loaded 2 times (x 79B)
Class org.gradle.internal.classloader.ClassLoaderFactory                              : loaded 2 times (x 67B)
Class org.gradle.internal.service.CachingServiceLocator                               : loaded 2 times (x 79B)
Class org.gradle.internal.classloader.ClasspathUtil                                   : loaded 2 times (x 68B)
Class org.gradle.api.specs.Spec                                                       : loaded 2 times (x 67B)
Class org.gradle.internal.classloader.VisitableURLClassLoader$InstrumentingVisitableURLClassLoader: loaded 2 times (x 120B)
Class org.gradle.internal.classloader.VisitableURLClassLoader$Spec                    : loaded 2 times (x 71B)
Class org.gradle.internal.classpath.DefaultClassPath                                  : loaded 2 times (x 87B)
Class org.gradle.internal.classloader.ClassLoaderSpec                                 : loaded 2 times (x 68B)
Class Settings_gradle$1$1                                                             : loaded 2 times (x 71B)
Class org.gradle.internal.classloader.VisitableURLClassLoader                         : loaded 2 times (x 114B)
Class Settings_gradle                                                                 : loaded 2 times (x 125B)
Class org.gradle.internal.Cast                                                        : loaded 2 times (x 68B)
Class org.gradle.api.Action                                                           : loaded 2 times (x 67B)
Class org.gradle.internal.agents.InstrumentingClassLoader                             : loaded 2 times (x 67B)
Class org.gradle.internal.classpath.DefaultClassPath$ImmutableUniqueList$Builder      : loaded 2 times (x 72B)
Class org.gradle.api.GradleException                                                  : loaded 2 times (x 79B)
Class org.gradle.internal.IoActions                                                   : loaded 2 times (x 68B)
Class org.gradle.internal.classloader.SystemClassLoaderSpec                           : loaded 2 times (x 68B)
Class org.gradle.internal.installation.CurrentGradleInstallationLocator               : loaded 2 times (x 68B)
Class org.gradle.internal.service.DefaultServiceLocator                               : loaded 2 times (x 80B)
Class org.gradle.internal.installation.CurrentGradleInstallation                      : loaded 2 times (x 70B)
Class org.gradle.util.internal.GUtil                                                  : loaded 2 times (x 68B)
Class org.gradle.internal.installation.GradleInstallation                             : loaded 2 times (x 72B)

---------------  S Y S T E M  ---------------

OS:
 Windows 10 , 64 bit Build 19041 (10.0.19041.4957)
OS uptime: 0 days 3:48 hours
Hyper-V role detected

CPU: total 8 (initial active 8) (4 cores per cpu, 2 threads per core) family 6 model 158 stepping 10 microcode 0xde, cx8, cmov, fxsr, ht, mmx, 3dnowpref, sse, sse2, sse3, ssse3, sse4.1, sse4.2, popcnt, lzcnt, tsc, tscinvbit, avx, avx2, aes, erms, clmul, bmi1, bmi2, adx, fma, vzeroupper, clflush, clflushopt, hv, rdtscp, f16c
Processor Information for all 8 processors :
  Max Mhz: 2304, Current Mhz: 2304, Mhz Limit: 2304

Memory: 4k page, system-wide physical 16273M (1889M free)
TotalPageFile size 21334M (AvailPageFile size 5M)
current process WorkingSet (physical memory assigned to process): 321M, peak: 334M
current process commit charge ("private bytes"): 355M, peak: 391M

vm_info: OpenJDK 64-Bit Server VM (21.0.3+-12282718-b509.11) for windows-amd64 JRE (21.0.3+-12282718-b509.11), built on 2024-08-27T17:34:15Z by "builder" with MS VC++ 16.10 / 16.11 (VS2019)

END.
